<?xml version="1.0" encoding="UTF-8"?>
<!-- Generated by org.testng.reporters.JUnitReportReporter -->
<testsuite hostname="DESKTOP-H5CHME6" failures="0" tests="2" name="Loginrunner.CucumberRunnerTestslandlordlogin" time="66.052" errors="0" timestamp="2023-12-15T17:30:14 IST" skipped="0">
  <testcase classname="Loginrunner.CucumberRunnerTestslandlordlogin" name="runScenario" time="29.409"/>
  <system-out/>
  <testcase classname="Loginrunner.CucumberRunnerTestslandlordlogin" name="runScenario" time="36.643"/>
  <system-out/>
</testsuite> <!-- Loginrunner.CucumberRunnerTestslandlordlogin -->
